{
  "RSpec": {
    "coverage": {
      "/home/srjnnnn/Documents/Yazılım/Kendim/mini_blog_azerion/spec/features/user_spec.rb": {
        "lines": [
          1,
          null,
          1,
          1,
          7,
          7,
          7,
          7,
          7,
          null,
          7,
          null,
          1,
          1,
          null,
          1,
          1,
          1,
          1,
          null,
          1,
          1,
          1,
          null,
          1,
          1,
          1,
          1,
          1,
          1,
          1,
          null,
          1,
          1,
          1,
          1,
          1,
          1,
          1,
          null,
          1,
          1,
          1,
          null,
          1,
          1,
          1,
          null,
          null
        ]
      },
      "/home/srjnnnn/Documents/Yazılım/Kendim/mini_blog_azerion/spec/rails_helper.rb": {
        "lines": [
          null,
          1,
          1,
          1,
          null,
          1,
          1,
          null,
          null,
          null,
          null,
          null,
          null,
          null,
          null,
          null,
          null,
          null,
          null,
          null,
          null,
          null,
          null,
          null,
          null,
          null,
          null,
          1,
          null,
          0,
          0,
          null,
          1,
          null,
          1,
          null,
          null,
          null,
          null,
          1,
          null,
          null,
          null,
          null,
          null,
          null,
          null,
          null,
          null,
          null,
          null,
          null,
          null,
          null,
          null,
          null,
          null,
          1,
          null,
          null,
          1,
          null,
          null,
          null
        ]
      },
      "/home/srjnnnn/Documents/Yazılım/Kendim/mini_blog_azerion/config/environment.rb": {
        "lines": [
          null,
          1,
          null,
          null,
          1
        ]
      },
      "/home/srjnnnn/Documents/Yazılım/Kendim/mini_blog_azerion/config/application.rb": {
        "lines": [
          1,
          null,
          1,
          null,
          null,
          null,
          1,
          null,
          1,
          1,
          null,
          1,
          null,
          null,
          null,
          null,
          null,
          null,
          null,
          null,
          null,
          null
        ]
      },
      "/home/srjnnnn/Documents/Yazılım/Kendim/mini_blog_azerion/config/boot.rb": {
        "lines": [
          1,
          null,
          1,
          1
        ]
      },
      "/home/srjnnnn/Documents/Yazılım/Kendim/mini_blog_azerion/config/environments/test.rb": {
        "lines": [
          1,
          null,
          null,
          null,
          null,
          null,
          null,
          1,
          null,
          null,
          1,
          1,
          null,
          null,
          null,
          null,
          1,
          null,
          null,
          1,
          1,
          null,
          null,
          null,
          null,
          1,
          1,
          1,
          null,
          null,
          1,
          null,
          null,
          1,
          null,
          null,
          1,
          null,
          1,
          null,
          null,
          null,
          null,
          1,
          null,
          null,
          1,
          null,
          null,
          1,
          null,
          null,
          1,
          null,
          null,
          null,
          null,
          null,
          null,
          null
        ]
      },
      "/home/srjnnnn/Documents/Yazılım/Kendim/mini_blog_azerion/config/initializers/application_controller_renderer.rb": {
        "lines": [
          null,
          null,
          null,
          null,
          null,
          null,
          null,
          null
        ]
      },
      "/home/srjnnnn/Documents/Yazılım/Kendim/mini_blog_azerion/config/initializers/assets.rb": {
        "lines": [
          null,
          null,
          null,
          1,
          null,
          null,
          null,
          null,
          1,
          null,
          null,
          null,
          null,
          null
        ]
      },
      "/home/srjnnnn/Documents/Yazılım/Kendim/mini_blog_azerion/config/initializers/backtrace_silencers.rb": {
        "lines": [
          null,
          null,
          null,
          null,
          null,
          null,
          null,
          1
        ]
      },
      "/home/srjnnnn/Documents/Yazılım/Kendim/mini_blog_azerion/config/initializers/content_security_policy.rb": {
        "lines": [
          null,
          null,
          null,
          null,
          null,
          null,
          null,
          null,
          null,
          null,
          null,
          null,
          null,
          null,
          null,
          null,
          null,
          null,
          null,
          null,
          null,
          null,
          null,
          null,
          null,
          null,
          null,
          null,
          null,
          null
        ]
      },
      "/home/srjnnnn/Documents/Yazılım/Kendim/mini_blog_azerion/config/initializers/cookies_serializer.rb": {
        "lines": [
          null,
          null,
          null,
          null,
          1
        ]
      },
      "/home/srjnnnn/Documents/Yazılım/Kendim/mini_blog_azerion/config/initializers/devise.rb": {
        "lines": [
          null,
          null,
          null,
          null,
          null,
          null,
          null,
          null,
          null,
          null,
          1,
          null,
          null,
          null,
          null,
          null,
          null,
          null,
          null,
          null,
          null,
          null,
          null,
          null,
          null,
          null,
          1,
          null,
          null,
          null,
          null,
          null,
          null,
          null,
          null,
          null,
          null,
          null,
          1,
          null,
          null,
          null,
          null,
          null,
          null,
          null,
          null,
          null,
          null,
          null,
          null,
          null,
          null,
          null,
          null,
          null,
          null,
          null,
          null,
          null,
          1,
          null,
          null,
          null,
          null,
          1,
          null,
          null,
          null,
          null,
          null,
          null,
          null,
          null,
          null,
          null,
          null,
          null,
          null,
          null,
          null,
          null,
          null,
          null,
          null,
          null,
          null,
          null,
          null,
          null,
          null,
          null,
          null,
          null,
          null,
          null,
          null,
          null,
          null,
          1,
          null,
          null,
          null,
          null,
          null,
          null,
          null,
          null,
          null,
          null,
          null,
          null,
          null,
          null,
          null,
          null,
          null,
          null,
          null,
          null,
          null,
          null,
          null,
          null,
          null,
          1,
          null,
          null,
          null,
          null,
          null,
          null,
          null,
          null,
          null,
          null,
          null,
          null,
          null,
          null,
          null,
          null,
          null,
          null,
          null,
          null,
          null,
          null,
          null,
          null,
          null,
          null,
          null,
          null,
          null,
          null,
          null,
          null,
          null,
          1,
          null,
          null,
          null,
          null,
          null,
          null,
          null,
          null,
          null,
          1,
          null,
          null,
          null,
          null,
          null,
          null,
          null,
          null,
          null,
          null,
          1,
          null,
          null,
          null,
          null,
          1,
          null,
          null,
          null,
          null,
          null,
          null,
          null,
          null,
          null,
          null,
          null,
          null,
          null,
          null,
          null,
          null,
          null,
          null,
          null,
          null,
          null,
          null,
          null,
          null,
          null,
          null,
          null,
          null,
          null,
          null,
          null,
          null,
          null,
          null,
          null,
          null,
          null,
          null,
          null,
          null,
          1,
          null,
          null,
          null,
          null,
          null,
          null,
          null,
          null,
          null,
          null,
          null,
          null,
          null,
          null,
          null,
          null,
          null,
          null,
          null,
          null,
          null,
          null,
          null,
          null,
          null,
          null,
          null,
          null,
          null,
          null,
          null,
          null,
          null,
          null,
          null,
          null,
          null,
          null,
          null,
          null,
          null,
          1,
          null,
          null,
          null,
          null,
          null,
          null,
          null,
          null,
          null,
          null,
          null,
          null,
          null,
          null,
          null,
          null,
          null,
          null,
          null,
          null,
          null,
          null,
          null,
          null,
          null,
          null,
          null,
          null,
          null,
          null,
          null,
          null,
          null,
          null,
          null,
          null,
          null,
          null,
          null,
          null,
          null,
          null
        ]
      },
      "/home/srjnnnn/Documents/Yazılım/Kendim/mini_blog_azerion/config/initializers/filter_parameter_logging.rb": {
        "lines": [
          null,
          null,
          null,
          1,
          null,
          null
        ]
      },
      "/home/srjnnnn/Documents/Yazılım/Kendim/mini_blog_azerion/config/initializers/inflections.rb": {
        "lines": [
          null,
          null,
          null,
          null,
          null,
          null,
          null,
          null,
          null,
          null,
          null,
          null,
          null,
          null,
          null,
          null
        ]
      },
      "/home/srjnnnn/Documents/Yazılım/Kendim/mini_blog_azerion/config/initializers/mime_types.rb": {
        "lines": [
          null,
          null,
          null,
          null
        ]
      },
      "/home/srjnnnn/Documents/Yazılım/Kendim/mini_blog_azerion/config/initializers/permissions_policy.rb": {
        "lines": [
          null,
          null,
          null,
          null,
          null,
          null,
          null,
          null,
          null,
          null,
          null
        ]
      },
      "/home/srjnnnn/Documents/Yazılım/Kendim/mini_blog_azerion/config/initializers/wrap_parameters.rb": {
        "lines": [
          null,
          null,
          null,
          null,
          null,
          null,
          1,
          2,
          null,
          null,
          null,
          null,
          null,
          null
        ]
      },
      "/home/srjnnnn/Documents/Yazılım/Kendim/mini_blog_azerion/config/routes.rb": {
        "lines": [
          1,
          1,
          1,
          null,
          1,
          1,
          1,
          null,
          1,
          1,
          null,
          null,
          null
        ]
      },
      "/home/srjnnnn/Documents/Yazılım/Kendim/mini_blog_azerion/app/models/user.rb": {
        "lines": [
          1,
          null,
          null,
          1,
          1,
          1,
          null,
          null
        ]
      },
      "/home/srjnnnn/Documents/Yazılım/Kendim/mini_blog_azerion/app/models/application_record.rb": {
        "lines": [
          1,
          1,
          null
        ]
      },
      "/home/srjnnnn/Documents/Yazılım/Kendim/mini_blog_azerion/app/helpers/application_helper.rb": {
        "lines": [
          1,
          null
        ]
      },
      "/home/srjnnnn/Documents/Yazılım/Kendim/mini_blog_azerion/app/helpers/comments_helper.rb": {
        "lines": [
          1,
          null
        ]
      },
      "/home/srjnnnn/Documents/Yazılım/Kendim/mini_blog_azerion/app/helpers/posts_helper.rb": {
        "lines": [
          1,
          null
        ]
      },
      "/home/srjnnnn/Documents/Yazılım/Kendim/mini_blog_azerion/spec/models/comment_spec.rb": {
        "lines": [
          1,
          null,
          1,
          1,
          1,
          1,
          3,
          null,
          null,
          null,
          1,
          1,
          null,
          null,
          1,
          1,
          1,
          null,
          null,
          1,
          1,
          1,
          null,
          null,
          null,
          1,
          1,
          1,
          1,
          null,
          null,
          1,
          1,
          1,
          null,
          null,
          null
        ]
      },
      "/home/srjnnnn/Documents/Yazılım/Kendim/mini_blog_azerion/app/models/comment.rb": {
        "lines": [
          1,
          1,
          1,
          1,
          1,
          1,
          1,
          null
        ]
      },
      "/home/srjnnnn/Documents/Yazılım/Kendim/mini_blog_azerion/db/seeds.rb": {
        "lines": [
          null,
          null,
          null,
          null,
          null,
          null,
          null,
          null,
          1,
          null,
          null,
          1,
          null,
          null,
          null,
          null,
          null,
          1,
          null
        ]
      },
      "/home/srjnnnn/Documents/Yazılım/Kendim/mini_blog_azerion/app/models/post.rb": {
        "lines": [
          1,
          1,
          1,
          1,
          1,
          1,
          1,
          1,
          1,
          1,
          1,
          null
        ]
      },
      "/home/srjnnnn/Documents/Yazılım/Kendim/mini_blog_azerion/spec/models/post_spec.rb": {
        "lines": [
          1,
          null,
          1,
          1,
          1,
          1,
          3,
          null,
          null,
          null,
          1,
          1,
          null,
          null,
          1,
          1,
          1,
          null,
          null,
          1,
          1,
          1,
          null,
          null,
          null,
          1,
          1,
          1,
          1,
          null,
          null,
          1,
          1,
          1,
          null,
          null,
          null
        ]
      },
      "/home/srjnnnn/Documents/Yazılım/Kendim/mini_blog_azerion/app/controllers/application_controller.rb": {
        "lines": [
          1,
          1,
          2,
          null,
          null
        ]
      },
      "/home/srjnnnn/Documents/Yazılım/Kendim/mini_blog_azerion/app/controllers/posts_controller.rb": {
        "lines": [
          1,
          1,
          1,
          null,
          null,
          1,
          9,
          null,
          null,
          null,
          1,
          3,
          3,
          null,
          null,
          null,
          1,
          2,
          null,
          null,
          null,
          1,
          null,
          null,
          1,
          1,
          null,
          1,
          1,
          2,
          null,
          0,
          null,
          null,
          null,
          null,
          null,
          1,
          1,
          1,
          1,
          2,
          null,
          0,
          null,
          null,
          null,
          null,
          null,
          null,
          1,
          1,
          1,
          1,
          2,
          null,
          null,
          null,
          null,
          1,
          null,
          null,
          1,
          6,
          null,
          null,
          null,
          1,
          2,
          null,
          null,
          null
        ]
      }
    },
    "timestamp": 1613579482
  }
}
